[debug] [2022-10-12T23:01:33.698Z] ----------------------------------------------------------------------
[debug] [2022-10-12T23:01:33.702Z] Command:       C:\Program Files\nodejs\node.exe C:\Users\kbelhadjali\AppData\Roaming\npm\node_modules\firebase-tools\lib\bin\firebase.js deploy --only functions
[debug] [2022-10-12T23:01:33.702Z] CLI Version:   11.13.0
[debug] [2022-10-12T23:01:33.702Z] Platform:      win32
[debug] [2022-10-12T23:01:33.702Z] Node Version:  v16.13.2
[debug] [2022-10-12T23:01:33.704Z] Time:          Thu Oct 13 2022 00:01:33 GMT+0100 (Central European Standard Time)
[debug] [2022-10-12T23:01:33.704Z] ----------------------------------------------------------------------
[debug] 
[debug] [2022-10-12T23:01:33.786Z] > command requires scopes: ["email","openid","https://www.googleapis.com/auth/cloudplatformprojects.readonly","https://www.googleapis.com/auth/firebase","https://www.googleapis.com/auth/cloud-platform"]
[debug] [2022-10-12T23:01:33.787Z] > authorizing via signed-in user (karim.belhadjali@esprit.tn)
[debug] [2022-10-12T23:01:33.787Z] [iam] checking project smart-taxi-cbb83 for permissions ["cloudfunctions.functions.create","cloudfunctions.functions.delete","cloudfunctions.functions.get","cloudfunctions.functions.list","cloudfunctions.functions.update","cloudfunctions.operations.get","firebase.projects.get"]
[debug] [2022-10-12T23:01:33.790Z] >>> [apiv2][query] POST https://cloudresourcemanager.googleapis.com/v1/projects/smart-taxi-cbb83:testIamPermissions [none]
[debug] [2022-10-12T23:01:33.790Z] >>> [apiv2][(partial)header] POST https://cloudresourcemanager.googleapis.com/v1/projects/smart-taxi-cbb83:testIamPermissions x-goog-quota-user=projects/smart-taxi-cbb83
[debug] [2022-10-12T23:01:33.790Z] >>> [apiv2][body] POST https://cloudresourcemanager.googleapis.com/v1/projects/smart-taxi-cbb83:testIamPermissions {"permissions":["cloudfunctions.functions.create","cloudfunctions.functions.delete","cloudfunctions.functions.get","cloudfunctions.functions.list","cloudfunctions.functions.update","cloudfunctions.operations.get","firebase.projects.get"]}
[debug] [2022-10-12T23:01:34.827Z] <<< [apiv2][status] POST https://cloudresourcemanager.googleapis.com/v1/projects/smart-taxi-cbb83:testIamPermissions 200
[debug] [2022-10-12T23:01:34.827Z] <<< [apiv2][body] POST https://cloudresourcemanager.googleapis.com/v1/projects/smart-taxi-cbb83:testIamPermissions {"permissions":["cloudfunctions.functions.create","cloudfunctions.functions.delete","cloudfunctions.functions.get","cloudfunctions.functions.list","cloudfunctions.functions.update","cloudfunctions.operations.get","firebase.projects.get"]}
[debug] [2022-10-12T23:01:34.828Z] >>> [apiv2][query] POST https://iam.googleapis.com/v1/projects/smart-taxi-cbb83/serviceAccounts/smart-taxi-cbb83@appspot.gserviceaccount.com:testIamPermissions [none]
[debug] [2022-10-12T23:01:34.828Z] >>> [apiv2][body] POST https://iam.googleapis.com/v1/projects/smart-taxi-cbb83/serviceAccounts/smart-taxi-cbb83@appspot.gserviceaccount.com:testIamPermissions {"permissions":["iam.serviceAccounts.actAs"]}
[debug] [2022-10-12T23:01:35.759Z] <<< [apiv2][status] POST https://iam.googleapis.com/v1/projects/smart-taxi-cbb83/serviceAccounts/smart-taxi-cbb83@appspot.gserviceaccount.com:testIamPermissions 200
[debug] [2022-10-12T23:01:35.759Z] <<< [apiv2][body] POST https://iam.googleapis.com/v1/projects/smart-taxi-cbb83/serviceAccounts/smart-taxi-cbb83@appspot.gserviceaccount.com:testIamPermissions {"permissions":["iam.serviceAccounts.actAs"]}
[info] 
[info] === Deploying to 'smart-taxi-cbb83'...
[info] 
[info] i  deploying functions 
[debug] [2022-10-12T23:01:35.763Z] >>> [apiv2][query] GET https://firebase.googleapis.com/v1beta1/projects/smart-taxi-cbb83 [none]
[debug] [2022-10-12T23:01:36.263Z] <<< [apiv2][status] GET https://firebase.googleapis.com/v1beta1/projects/smart-taxi-cbb83 200
[debug] [2022-10-12T23:01:36.263Z] <<< [apiv2][body] GET https://firebase.googleapis.com/v1beta1/projects/smart-taxi-cbb83 {"projectId":"smart-taxi-cbb83","projectNumber":"92236093593","displayName":"Smart taxi","name":"projects/smart-taxi-cbb83","resources":{"hostingSite":"smart-taxi-cbb83","storageBucket":"smart-taxi-cbb83.appspot.com","locationId":"europe-west"},"state":"ACTIVE","etag":"1_0bcb6a07-79b6-495e-af26-c4a12bfa6f02"}
[info] i  functions: ensuring required API cloudfunctions.googleapis.com is enabled... 
[info] i  functions: ensuring required API cloudbuild.googleapis.com is enabled... 
[info] i  artifactregistry: ensuring required API artifactregistry.googleapis.com is enabled... 
[debug] [2022-10-12T23:01:36.265Z] >>> [apiv2][query] GET https://serviceusage.googleapis.com/v1/projects/smart-taxi-cbb83/services/cloudfunctions.googleapis.com [none]
[debug] [2022-10-12T23:01:36.266Z] >>> [apiv2][(partial)header] GET https://serviceusage.googleapis.com/v1/projects/smart-taxi-cbb83/services/cloudfunctions.googleapis.com x-goog-quota-user=projects/smart-taxi-cbb83
[debug] [2022-10-12T23:01:36.267Z] >>> [apiv2][query] GET https://serviceusage.googleapis.com/v1/projects/smart-taxi-cbb83/services/runtimeconfig.googleapis.com [none]
[debug] [2022-10-12T23:01:36.267Z] >>> [apiv2][(partial)header] GET https://serviceusage.googleapis.com/v1/projects/smart-taxi-cbb83/services/runtimeconfig.googleapis.com x-goog-quota-user=projects/smart-taxi-cbb83
[debug] [2022-10-12T23:01:36.268Z] >>> [apiv2][query] GET https://serviceusage.googleapis.com/v1/projects/smart-taxi-cbb83/services/cloudbuild.googleapis.com [none]
[debug] [2022-10-12T23:01:36.268Z] >>> [apiv2][(partial)header] GET https://serviceusage.googleapis.com/v1/projects/smart-taxi-cbb83/services/cloudbuild.googleapis.com x-goog-quota-user=projects/smart-taxi-cbb83
[debug] [2022-10-12T23:01:36.269Z] >>> [apiv2][query] GET https://serviceusage.googleapis.com/v1/projects/smart-taxi-cbb83/services/artifactregistry.googleapis.com [none]
[debug] [2022-10-12T23:01:36.269Z] >>> [apiv2][(partial)header] GET https://serviceusage.googleapis.com/v1/projects/smart-taxi-cbb83/services/artifactregistry.googleapis.com x-goog-quota-user=projects/smart-taxi-cbb83
[debug] [2022-10-12T23:01:37.447Z] <<< [apiv2][status] GET https://serviceusage.googleapis.com/v1/projects/smart-taxi-cbb83/services/cloudfunctions.googleapis.com 200
[debug] [2022-10-12T23:01:37.447Z] <<< [apiv2][body] GET https://serviceusage.googleapis.com/v1/projects/smart-taxi-cbb83/services/cloudfunctions.googleapis.com [omitted]
[info] +  functions: required API cloudfunctions.googleapis.com is enabled 
[debug] [2022-10-12T23:01:37.451Z] <<< [apiv2][status] GET https://serviceusage.googleapis.com/v1/projects/smart-taxi-cbb83/services/runtimeconfig.googleapis.com 200
[debug] [2022-10-12T23:01:37.451Z] <<< [apiv2][body] GET https://serviceusage.googleapis.com/v1/projects/smart-taxi-cbb83/services/runtimeconfig.googleapis.com [omitted]
[debug] [2022-10-12T23:01:37.473Z] <<< [apiv2][status] GET https://serviceusage.googleapis.com/v1/projects/smart-taxi-cbb83/services/artifactregistry.googleapis.com 200
[debug] [2022-10-12T23:01:37.473Z] <<< [apiv2][body] GET https://serviceusage.googleapis.com/v1/projects/smart-taxi-cbb83/services/artifactregistry.googleapis.com [omitted]
[info] +  artifactregistry: required API artifactregistry.googleapis.com is enabled 
[debug] [2022-10-12T23:01:37.478Z] <<< [apiv2][status] GET https://serviceusage.googleapis.com/v1/projects/smart-taxi-cbb83/services/cloudbuild.googleapis.com 200
[debug] [2022-10-12T23:01:37.478Z] <<< [apiv2][body] GET https://serviceusage.googleapis.com/v1/projects/smart-taxi-cbb83/services/cloudbuild.googleapis.com [omitted]
[info] +  functions: required API cloudbuild.googleapis.com is enabled 
[debug] [2022-10-12T23:01:37.479Z] >>> [apiv2][query] GET https://firebase.googleapis.com/v1beta1/projects/smart-taxi-cbb83/adminSdkConfig [none]
[debug] [2022-10-12T23:01:37.962Z] <<< [apiv2][status] GET https://firebase.googleapis.com/v1beta1/projects/smart-taxi-cbb83/adminSdkConfig 200
[debug] [2022-10-12T23:01:37.962Z] <<< [apiv2][body] GET https://firebase.googleapis.com/v1beta1/projects/smart-taxi-cbb83/adminSdkConfig {"projectId":"smart-taxi-cbb83","storageBucket":"smart-taxi-cbb83.appspot.com","locationId":"europe-west"}
[debug] [2022-10-12T23:01:37.962Z] >>> [apiv2][query] GET https://runtimeconfig.googleapis.com/v1beta1/projects/smart-taxi-cbb83/configs [none]
[debug] [2022-10-12T23:01:38.705Z] <<< [apiv2][status] GET https://runtimeconfig.googleapis.com/v1beta1/projects/smart-taxi-cbb83/configs 200
[debug] [2022-10-12T23:01:38.705Z] <<< [apiv2][body] GET https://runtimeconfig.googleapis.com/v1beta1/projects/smart-taxi-cbb83/configs {}
[info] i  functions: preparing codebase default for deployment 
[debug] [2022-10-12T23:01:38.707Z] Validating nodejs source
[debug] [2022-10-12T23:01:41.623Z] > [functions] package.json contents: {
  "name": "functions",
  "description": "Cloud Functions for Firebase",
  "scripts": {
    "serve": "firebase emulators:start --only functions",
    "shell": "firebase functions:shell",
    "start": "npm run shell",
    "deploy": "firebase deploy --only functions",
    "logs": "firebase functions:log"
  },
  "engines": {
    "node": "16"
  },
  "main": "index.js",
  "dependencies": {
    "firebase-admin": "^10.0.2",
    "firebase-functions": "^3.18.0"
  },
  "devDependencies": {
    "firebase-functions-test": "^0.2.0"
  },
  "private": true
}
[debug] [2022-10-12T23:01:41.623Z] Building nodejs source
[debug] [2022-10-12T23:01:41.624Z] Could not find functions.yaml. Must use http discovery
[debug] [2022-10-12T23:01:41.951Z] Serving at port 9005

[debug] [2022-10-12T23:01:42.051Z] Got response from /__/functions.yaml {"endpoints":{"CreateNewRide":{"platform":"gcfv1","labels":{},"callableTrigger":{},"entryPoint":"CreateNewRide"},"UpdateDriverLocation":{"platform":"gcfv1","labels":{},"callableTrigger":{},"entryPoint":"UpdateDriverLocation"},"deleteRequestedRide":{"platform":"gcfv1","labels":{},"callableTrigger":{},"entryPoint":"deleteRequestedRide"}},"specVersion":"v1alpha1","requiredAPIs":[]}
[debug] [2022-10-12T23:01:42.059Z] shutdown requested via /__/quitquitquit

[info] i  functions: preparing functions directory for uploading... 
[info] i  functions: packaged C:\pi\projects\react-native\smart-taxi\driver\functions (54.96 KB) for uploading 
[debug] [2022-10-12T23:01:42.140Z] >>> [apiv2][query] GET https://cloudfunctions.googleapis.com/v1/projects/smart-taxi-cbb83/locations/-/functions [none]
[debug] [2022-10-12T23:01:42.940Z] <<< [apiv2][status] GET https://cloudfunctions.googleapis.com/v1/projects/smart-taxi-cbb83/locations/-/functions 200
[debug] [2022-10-12T23:01:42.940Z] <<< [apiv2][body] GET https://cloudfunctions.googleapis.com/v1/projects/smart-taxi-cbb83/locations/-/functions {"functions":[{"name":"projects/smart-taxi-cbb83/locations/us-central1/functions/CreateCanceledRide","httpsTrigger":{"url":"https://us-central1-smart-taxi-cbb83.cloudfunctions.net/CreateCanceledRide","securityLevel":"SECURE_ALWAYS"},"status":"ACTIVE","entryPoint":"CreateCanceledRide","timeout":"60s","availableMemoryMb":256,"serviceAccountEmail":"smart-taxi-cbb83@appspot.gserviceaccount.com","updateTime":"2022-10-12T21:55:23.892Z","versionId":"4","labels":{"deployment-tool":"cli-firebase","deployment-callable":"true","firebase-functions-hash":"6b395e4e5a33eaf5c24f3e3435aef90ee26d8c7a"},"sourceUploadUrl":"https://storage.googleapis.com/uploads-264688278399.us-central1.cloudfunctions.appspot.com/f9182a99-0f22-4575-ac90-4c9e2256200b.zip","environmentVariables":{"FIREBASE_CONFIG":"{\"projectId\":\"smart-taxi-cbb83\",\"storageBucket\":\"smart-taxi-cbb83.appspot.com\",\"locationId\":\"europe-west\"}","GCLOUD_PROJECT":"smart-taxi-cbb83"},"runtime":"nodejs16","ingressSettings":"ALLOW_ALL","buildId":"fdaebc1b-aee2-42a0-bd26-36128d4d722e","buildName":"projects/92236093593/locations/us-central1/builds/fdaebc1b-aee2-42a0-bd26-36128d4d722e","dockerRegistry":"ARTIFACT_REGISTRY"},{"name":"projects/smart-taxi-cbb83/locations/us-central1/functions/CreateFinishedRide","httpsTrigger":{"url":"https://us-central1-smart-taxi-cbb83.cloudfunctions.net/CreateFinishedRide","securityLevel":"SECURE_ALWAYS"},"status":"ACTIVE","entryPoint":"CreateFinishedRide","timeout":"60s","availableMemoryMb":256,"serviceAccountEmail":"smart-taxi-cbb83@appspot.gserviceaccount.com","updateTime":"2022-10-12T21:55:23.001Z","versionId":"4","labels":{"deployment-tool":"cli-firebase","deployment-callable":"true","firebase-functions-hash":"6b395e4e5a33eaf5c24f3e3435aef90ee26d8c7a"},"sourceUploadUrl":"https://storage.googleapis.com/uploads-264688278399.us-central1.cloudfunctions.appspot.com/f9182a99-0f22-4575-ac90-4c9e2256200b.zip","environmentVariables":{"FIREBASE_CONFIG":"{\"projectId\":\"smart-taxi-cbb83\",\"storageBucket\":\"smart-taxi-cbb83.appspot.com\",\"locationId\":\"europe-west\"}","GCLOUD_PROJECT":"smart-taxi-cbb83"},"runtime":"nodejs16","ingressSettings":"ALLOW_ALL","buildId":"fdaebc1b-aee2-42a0-bd26-36128d4d722e","buildName":"projects/92236093593/locations/us-central1/builds/fdaebc1b-aee2-42a0-bd26-36128d4d722e","dockerRegistry":"ARTIFACT_REGISTRY"},{"name":"projects/smart-taxi-cbb83/locations/us-central1/functions/CreateNewRide","httpsTrigger":{"url":"https://us-central1-smart-taxi-cbb83.cloudfunctions.net/CreateNewRide","securityLevel":"SECURE_ALWAYS"},"status":"ACTIVE","entryPoint":"CreateNewRide","timeout":"60s","availableMemoryMb":256,"serviceAccountEmail":"smart-taxi-cbb83@appspot.gserviceaccount.com","updateTime":"2022-10-12T22:57:37.496Z","versionId":"18","labels":{"deployment-tool":"cli-firebase","deployment-callable":"true","firebase-functions-hash":"65a2bc73f48482ffde78157ea10323cd2da95be2"},"sourceUploadUrl":"https://storage.googleapis.com/uploads-264688278399.us-central1.cloudfunctions.appspot.com/14331014-9114-4622-9f61-5f7236331c53.zip","environmentVariables":{"FIREBASE_CONFIG":"{\"projectId\":\"smart-taxi-cbb83\",\"storageBucket\":\"smart-taxi-cbb83.appspot.com\",\"locationId\":\"europe-west\"}","GCLOUD_PROJECT":"smart-taxi-cbb83"},"runtime":"nodejs16","ingressSettings":"ALLOW_ALL","buildId":"1b5c9c4f-5ad5-4d82-ad49-d4dd0d6b0743","buildName":"projects/92236093593/locations/us-central1/builds/1b5c9c4f-5ad5-4d82-ad49-d4dd0d6b0743","dockerRegistry":"ARTIFACT_REGISTRY"},{"name":"projects/smart-taxi-cbb83/locations/us-central1/functions/UpdateDriverLocation","httpsTrigger":{"url":"https://us-central1-smart-taxi-cbb83.cloudfunctions.net/UpdateDriverLocation","securityLevel":"SECURE_ALWAYS"},"status":"ACTIVE","entryPoint":"UpdateDriverLocation","timeout":"60s","availableMemoryMb":256,"serviceAccountEmail":"smart-taxi-cbb83@appspot.gserviceaccount.com","updateTime":"2022-10-12T22:57:47.070Z","versionId":"15","labels":{"deployment-tool":"cli-firebase","deployment-callable":"true","firebase-functions-hash":"65a2bc73f48482ffde78157ea10323cd2da95be2"},"sourceUploadUrl":"https://storage.googleapis.com/uploads-264688278399.us-central1.cloudfunctions.appspot.com/14331014-9114-4622-9f61-5f7236331c53.zip","environmentVariables":{"FIREBASE_CONFIG":"{\"projectId\":\"smart-taxi-cbb83\",\"storageBucket\":\"smart-taxi-cbb83.appspot.com\",\"locationId\":\"europe-west\"}","GCLOUD_PROJECT":"smart-taxi-cbb83"},"runtime":"nodejs16","ingressSettings":"ALLOW_ALL","buildId":"1b5c9c4f-5ad5-4d82-ad49-d4dd0d6b0743","buildName":"projects/92236093593/locations/us-central1/builds/1b5c9c4f-5ad5-4d82-ad49-d4dd0d6b0743","dockerRegistry":"ARTIFACT_REGISTRY"},{"name":"projects/smart-taxi-cbb83/locations/us-central1/functions/completeUser","httpsTrigger":{"url":"https://us-central1-smart-taxi-cbb83.cloudfunctions.net/completeUser","securityLevel":"SECURE_ALWAYS"},"status":"ACTIVE","entryPoint":"completeUser","timeout":"60s","availableMemoryMb":256,"serviceAccountEmail":"smart-taxi-cbb83@appspot.gserviceaccount.com","updateTime":"2022-10-05T23:13:04.473Z","versionId":"7","labels":{"deployment-tool":"cli-firebase","deployment-callable":"true","firebase-functions-hash":"3e7e618b0766cac83daefa89d0d07bcdf4c4ddf7"},"sourceUploadUrl":"https://storage.googleapis.com/uploads-264688278399.us-central1.cloudfunctions.appspot.com/10a01df7-d922-4f58-bd19-d7daccef074d.zip","environmentVariables":{"FIREBASE_CONFIG":"{\"projectId\":\"smart-taxi-cbb83\",\"storageBucket\":\"smart-taxi-cbb83.appspot.com\",\"locationId\":\"europe-west\"}","GCLOUD_PROJECT":"smart-taxi-cbb83"},"runtime":"nodejs16","ingressSettings":"ALLOW_ALL","buildId":"88a85223-091d-4701-9129-697e2d6e6427","buildName":"projects/92236093593/locations/us-central1/builds/88a85223-091d-4701-9129-697e2d6e6427","dockerRegistry":"ARTIFACT_REGISTRY"},{"name":"projects/smart-taxi-cbb83/locations/us-central1/functions/createRideRequest","httpsTrigger":{"url":"https://us-central1-smart-taxi-cbb83.cloudfunctions.net/createRideRequest","securityLevel":"SECURE_ALWAYS"},"status":"ACTIVE","entryPoint":"createRideRequest","timeout":"60s","availableMemoryMb":256,"serviceAccountEmail":"smart-taxi-cbb83@appspot.gserviceaccount.com","updateTime":"2022-10-05T23:13:02.557Z","versionId":"6","labels":{"deployment-tool":"cli-firebase","deployment-callable":"true","firebase-functions-hash":"3e7e618b0766cac83daefa89d0d07bcdf4c4ddf7"},"sourceUploadUrl":"https://storage.googleapis.com/uploads-264688278399.us-central1.cloudfunctions.appspot.com/10a01df7-d922-4f58-bd19-d7daccef074d.zip","environmentVariables":{"FIREBASE_CONFIG":"{\"projectId\":\"smart-taxi-cbb83\",\"storageBucket\":\"smart-taxi-cbb83.appspot.com\",\"locationId\":\"europe-west\"}","GCLOUD_PROJECT":"smart-taxi-cbb83"},"runtime":"nodejs16","ingressSettings":"ALLOW_ALL","buildId":"88a85223-091d-4701-9129-697e2d6e6427","buildName":"projects/92236093593/locations/us-central1/builds/88a85223-091d-4701-9129-697e2d6e6427","dockerRegistry":"ARTIFACT_REGISTRY"},{"name":"projects/smart-taxi-cbb83/locations/us-central1/functions/deleteRequestedRide","httpsTrigger":{"url":"https://us-central1-smart-taxi-cbb83.cloudfunctions.net/deleteRequestedRide","securityLevel":"SECURE_ALWAYS"},"status":"ACTIVE","entryPoint":"deleteRequestedRide","timeout":"60s","availableMemoryMb":256,"serviceAccountEmail":"smart-taxi-cbb83@appspot.gserviceaccount.com","updateTime":"2022-10-12T22:57:54.578Z","versionId":"18","labels":{"deployment-tool":"cli-firebase","deployment-callable":"true","firebase-functions-hash":"65a2bc73f48482ffde78157ea10323cd2da95be2"},"sourceUploadUrl":"https://storage.googleapis.com/uploads-264688278399.us-central1.cloudfunctions.appspot.com/14331014-9114-4622-9f61-5f7236331c53.zip","environmentVariables":{"FIREBASE_CONFIG":"{\"projectId\":\"smart-taxi-cbb83\",\"storageBucket\":\"smart-taxi-cbb83.appspot.com\",\"locationId\":\"europe-west\"}","GCLOUD_PROJECT":"smart-taxi-cbb83"},"runtime":"nodejs16","ingressSettings":"ALLOW_ALL","buildId":"1b5c9c4f-5ad5-4d82-ad49-d4dd0d6b0743","buildName":"projects/92236093593/locations/us-central1/builds/1b5c9c4f-5ad5-4d82-ad49-d4dd0d6b0743","dockerRegistry":"ARTIFACT_REGISTRY"},{"name":"projects/smart-taxi-cbb83/locations/us-central1/functions/newUserSignUp","eventTrigger":{"eventType":"providers/firebase.auth/eventTypes/user.create","resource":"projects/smart-taxi-cbb83","service":"firebaseauth.googleapis.com","failurePolicy":{}},"status":"ACTIVE","entryPoint":"newUserSignUp","timeout":"60s","availableMemoryMb":256,"serviceAccountEmail":"smart-taxi-cbb83@appspot.gserviceaccount.com","updateTime":"2022-10-05T23:12:59.643Z","versionId":"9","labels":{"deployment-tool":"cli-firebase","firebase-functions-hash":"3e7e618b0766cac83daefa89d0d07bcdf4c4ddf7"},"sourceUploadUrl":"https://storage.googleapis.com/uploads-264688278399.us-central1.cloudfunctions.appspot.com/10a01df7-d922-4f58-bd19-d7daccef074d.zip","environmentVariables":{"FIREBASE_CONFIG":"{\"projectId\":\"smart-taxi-cbb83\",\"storageBucket\":\"smart-taxi-cbb83.appspot.com\",\"locationId\":\"europe-west\"}","GCLOUD_PROJECT":"smart-taxi-cbb83"},"runtime":"nodejs16","ingressSettings":"ALLOW_ALL","buildId":"88a85223-091d-4701-9129-697e2d6e6427","buildName":"projects/92236093593/locations/us-central1/builds/88a85223-091d-4701-9129-697e2d6e6427","dockerRegistry":"ARTIFACT_REGISTRY"},{"name":"projects/smart-taxi-cbb83/locations/us-central1/functions/userDeleted","eventTrigger":{"eventType":"providers/firebase.auth/eventTypes/user.delete","resource":"projects/smart-taxi-cbb83","service":"firebaseauth.googleapis.com","failurePolicy":{}},"status":"ACTIVE","entryPoint":"userDeleted","timeout":"60s","availableMemoryMb":256,"serviceAccountEmail":"smart-taxi-cbb83@appspot.gserviceaccount.com","updateTime":"2022-10-05T23:13:01.143Z","versionId":"9","labels":{"deployment-tool":"cli-firebase","firebase-functions-hash":"3e7e618b0766cac83daefa89d0d07bcdf4c4ddf7"},"sourceUploadUrl":"https://storage.googleapis.com/uploads-264688278399.us-central1.cloudfunctions.appspot.com/10a01df7-d922-4f58-bd19-d7daccef074d.zip","environmentVariables":{"FIREBASE_CONFIG":"{\"projectId\":\"smart-taxi-cbb83\",\"storageBucket\":\"smart-taxi-cbb83.appspot.com\",\"locationId\":\"europe-west\"}","GCLOUD_PROJECT":"smart-taxi-cbb83"},"runtime":"nodejs16","ingressSettings":"ALLOW_ALL","buildId":"88a85223-091d-4701-9129-697e2d6e6427","buildName":"projects/92236093593/locations/us-central1/builds/88a85223-091d-4701-9129-697e2d6e6427","dockerRegistry":"ARTIFACT_REGISTRY"}]}
[debug] [2022-10-12T23:01:42.941Z] >>> [apiv2][query] GET https://cloudfunctions.googleapis.com/v2/projects/smart-taxi-cbb83/locations/-/functions filter=environment%3D%22GEN_2%22
[debug] [2022-10-12T23:01:44.253Z] <<< [apiv2][status] GET https://cloudfunctions.googleapis.com/v2/projects/smart-taxi-cbb83/locations/-/functions 200
[debug] [2022-10-12T23:01:44.253Z] <<< [apiv2][body] GET https://cloudfunctions.googleapis.com/v2/projects/smart-taxi-cbb83/locations/-/functions {}
[debug] [2022-10-12T23:01:44.258Z] >>> [apiv2][query] GET https://firebase.googleapis.com/v1beta1/projects/smart-taxi-cbb83 [none]
[debug] [2022-10-12T23:01:44.728Z] <<< [apiv2][status] GET https://firebase.googleapis.com/v1beta1/projects/smart-taxi-cbb83 200
[debug] [2022-10-12T23:01:44.729Z] <<< [apiv2][body] GET https://firebase.googleapis.com/v1beta1/projects/smart-taxi-cbb83 {"projectId":"smart-taxi-cbb83","projectNumber":"92236093593","displayName":"Smart taxi","name":"projects/smart-taxi-cbb83","resources":{"hostingSite":"smart-taxi-cbb83","storageBucket":"smart-taxi-cbb83.appspot.com","locationId":"europe-west"},"state":"ACTIVE","etag":"1_0bcb6a07-79b6-495e-af26-c4a12bfa6f02"}
[debug] [2022-10-12T23:01:44.729Z] >>> [apiv2][query] GET https://firebase.googleapis.com/v1beta1/projects/smart-taxi-cbb83 [none]
[debug] [2022-10-12T23:01:45.206Z] <<< [apiv2][status] GET https://firebase.googleapis.com/v1beta1/projects/smart-taxi-cbb83 200
[debug] [2022-10-12T23:01:45.206Z] <<< [apiv2][body] GET https://firebase.googleapis.com/v1beta1/projects/smart-taxi-cbb83 {"projectId":"smart-taxi-cbb83","projectNumber":"92236093593","displayName":"Smart taxi","name":"projects/smart-taxi-cbb83","resources":{"hostingSite":"smart-taxi-cbb83","storageBucket":"smart-taxi-cbb83.appspot.com","locationId":"europe-west"},"state":"ACTIVE","etag":"1_0bcb6a07-79b6-495e-af26-c4a12bfa6f02"}
[debug] [2022-10-12T23:01:45.206Z] >>> [apiv2][query] GET https://firebase.googleapis.com/v1beta1/projects/smart-taxi-cbb83 [none]
[debug] [2022-10-12T23:01:45.648Z] <<< [apiv2][status] GET https://firebase.googleapis.com/v1beta1/projects/smart-taxi-cbb83 200
[debug] [2022-10-12T23:01:45.649Z] <<< [apiv2][body] GET https://firebase.googleapis.com/v1beta1/projects/smart-taxi-cbb83 {"projectId":"smart-taxi-cbb83","projectNumber":"92236093593","displayName":"Smart taxi","name":"projects/smart-taxi-cbb83","resources":{"hostingSite":"smart-taxi-cbb83","storageBucket":"smart-taxi-cbb83.appspot.com","locationId":"europe-west"},"state":"ACTIVE","etag":"1_0bcb6a07-79b6-495e-af26-c4a12bfa6f02"}
[debug] [2022-10-12T23:01:45.650Z] >>> [apiv2][query] POST https://cloudfunctions.googleapis.com/v1/projects/smart-taxi-cbb83/locations/us-central1/functions:generateUploadUrl [none]
[debug] [2022-10-12T23:01:45.650Z] >>> [apiv2][body] POST https://cloudfunctions.googleapis.com/v1/projects/smart-taxi-cbb83/locations/us-central1/functions:generateUploadUrl {}
[debug] [2022-10-12T23:01:46.395Z] <<< [apiv2][status] POST https://cloudfunctions.googleapis.com/v1/projects/smart-taxi-cbb83/locations/us-central1/functions:generateUploadUrl 200
[debug] [2022-10-12T23:01:46.395Z] <<< [apiv2][body] POST https://cloudfunctions.googleapis.com/v1/projects/smart-taxi-cbb83/locations/us-central1/functions:generateUploadUrl {"uploadUrl":"https://storage.googleapis.com/uploads-264688278399.us-central1.cloudfunctions.appspot.com/13d3e99d-5c50-4249-b07e-73bc08579259.zip?GoogleAccessId=service-92236093593@gcf-admin-robot.iam.gserviceaccount.com&Expires=1665617505&Signature=aF%2B882I3E9q6OQDznFPu1Bi%2FvvaLRZ36G1ZJj40eGtp9sica3odyE46ITiGrQJLk5rIEkUUkNNcP1Fa9rD25z3dI7JkuG2iSj6RA%2FGG6lH7NVzl%2BRN1jAoravxU7qaPFXOhQ%2BnrtNep4CXGftln6QpEQpEhSx%2FtmjlJb2rN56W0d%2FYljWqTjt6eOGiDkDjrBFfKv9A3ppABM38LxwQh3i5t42L%2FMHS2CK9ihxak8%2F3BQO9oB1iw7ix3Qtz8ag8guAf0EZ45lBjqMVr%2F5fqXs0fNyO%2FTDS%2BUOy0veSXodQiVDUkryw%2FZEOaCNBthjvwrocudCp%2Ft%2FBnE7MWCWWKQPjg%3D%3D"}
[debug] [2022-10-12T23:01:46.396Z] >>> [apiv2][query] PUT https://storage.googleapis.com/uploads-264688278399.us-central1.cloudfunctions.appspot.com/13d3e99d-5c50-4249-b07e-73bc08579259.zip GoogleAccessId=service-92236093593%40gcf-admin-robot.iam.gserviceaccount.com&Expires=1665617505&Signature=aF%2B882I3E9q6OQDznFPu1Bi%2FvvaLRZ36G1ZJj40eGtp9sica3odyE46ITiGrQJLk5rIEkUUkNNcP1Fa9rD25z3dI7JkuG2iSj6RA%2FGG6lH7NVzl%2BRN1jAoravxU7qaPFXOhQ%2BnrtNep4CXGftln6QpEQpEhSx%2FtmjlJb2rN56W0d%2FYljWqTjt6eOGiDkDjrBFfKv9A3ppABM38LxwQh3i5t42L%2FMHS2CK9ihxak8%2F3BQO9oB1iw7ix3Qtz8ag8guAf0EZ45lBjqMVr%2F5fqXs0fNyO%2FTDS%2BUOy0veSXodQiVDUkryw%2FZEOaCNBthjvwrocudCp%2Ft%2FBnE7MWCWWKQPjg%3D%3D
[debug] [2022-10-12T23:01:46.396Z] >>> [apiv2][body] PUT https://storage.googleapis.com/uploads-264688278399.us-central1.cloudfunctions.appspot.com/13d3e99d-5c50-4249-b07e-73bc08579259.zip [stream]
[debug] [2022-10-12T23:01:47.635Z] <<< [apiv2][status] PUT https://storage.googleapis.com/uploads-264688278399.us-central1.cloudfunctions.appspot.com/13d3e99d-5c50-4249-b07e-73bc08579259.zip 200
[debug] [2022-10-12T23:01:47.635Z] <<< [apiv2][body] PUT https://storage.googleapis.com/uploads-264688278399.us-central1.cloudfunctions.appspot.com/13d3e99d-5c50-4249-b07e-73bc08579259.zip [omitted]
[info] +  functions: functions folder uploaded successfully 
[info] i  functions: Skipping the deploy of unchanged functions with experimental support for skipdeployingnoopfunctions 
[info] 
The following functions are found in your project but do not exist in your local source code:
	CreateCanceledRide(us-central1)
	CreateFinishedRide(us-central1)
	completeUser(us-central1)
	createRideRequest(us-central1)
	newUserSignUp(us-central1)
	userDeleted(us-central1)

If you are renaming a function or changing its region, it is recommended that you create the new function first before deleting the old one to prevent event loss. For more info, visit https://firebase.google.com/docs/functions/manage-functions#modify

